{
  "stats": {
    "suites": 1,
    "tests": 1,
    "passes": 1,
    "pending": 0,
    "failures": 0,
    "start": "2021-07-07T16:21:35.565Z",
    "end": "2021-07-07T16:21:35.634Z",
    "duration": 69,
    "testsRegistered": 1,
    "passPercent": 100,
    "pendingPercent": 0,
    "other": 0,
    "hasOther": false,
    "skipped": 0,
    "hasSkipped": false
  },
  "results": [
    {
      "uuid": "85d41b9c-6993-43cb-8591-1aa2512eba81",
      "title": "",
      "fullFile": "cypress\\integration\\test_API_UF.js",
      "file": "cypress\\integration\\test_API_UF.js",
      "beforeHooks": [],
      "afterHooks": [],
      "tests": [],
      "suites": [
        {
          "uuid": "92a3c529-1ad7-40b7-84cb-ec0f926e4ac6",
          "title": "LLamado a la API",
          "fullFile": "",
          "file": "",
          "beforeHooks": [],
          "afterHooks": [],
          "tests": [
            {
              "title": "Verifica el registro de la UF",
              "fullTitle": "LLamado a la API Verifica el registro de la UF",
              "timedOut": null,
              "duration": 65,
              "state": "passed",
              "speed": "medium",
              "pass": true,
              "fail": false,
              "pending": false,
              "context": null,
              "code": "cy.readFile('cypress/fixtures/dataUF.json').then(data1 => {\n  var dat = data1.fecha;\n  cy.log(dat); //expect(dat).to.equal(d)\n  if (dat == date) {\n    cy.log('Ya se registro el Valor UF');\n    return;\n  } else {\n    cy.log('opcion else');\n    cy.request(`https://mindicador.cl/api/uf/${date}`).as('respuestaUF');\n    cy.get('@respuestaUF').then(response => {\n      var value = response.body.serie.map(e => e.valor).toString();\n      var someArr = {\n        uf: value,\n        fecha: date\n      };\n      cy.writeFile('cypress/fixtures/dataUF.json', someArr);\n      cy.writeFile('registroUF.txt', '\\nUF: ' + value + ' ' + date + '  ' + hora, {\n        flag: 'a+'\n      });\n    });\n  }\n});",
              "err": {},
              "uuid": "85d328af-ac39-4501-8dda-9efc7f898ebd",
              "parentUUID": "92a3c529-1ad7-40b7-84cb-ec0f926e4ac6",
              "isHook": false,
              "skipped": false
            }
          ],
          "suites": [],
          "passes": [
            "85d328af-ac39-4501-8dda-9efc7f898ebd"
          ],
          "failures": [],
          "pending": [],
          "skipped": [],
          "duration": 65,
          "root": false,
          "rootEmpty": false,
          "_timeout": 2000
        }
      ],
      "passes": [],
      "failures": [],
      "pending": [],
      "skipped": [],
      "duration": 0,
      "root": true,
      "rootEmpty": true,
      "_timeout": 2000
    }
  ],
  "meta": {
    "mocha": {
      "version": "7.0.1"
    },
    "mochawesome": {
      "options": {
        "quiet": false,
        "reportFilename": "mochawesome",
        "saveHtml": false,
        "saveJson": true,
        "consoleReporter": "spec",
        "useInlineDiffs": false,
        "code": true
      },
      "version": "6.2.1"
    },
    "marge": {
      "options": {
        "reportDir": "cypress/results",
        "overwrite": true,
        "html": false,
        "json": true
      },
      "version": "5.1.0"
    }
  }
}