{
  "stats": {
    "suites": 1,
    "tests": 1,
    "passes": 1,
    "pending": 0,
    "failures": 0,
    "start": "2020-12-29T17:17:08.862Z",
    "end": "2020-12-29T17:17:27.461Z",
    "duration": 18599,
    "testsRegistered": 1,
    "passPercent": 100,
    "pendingPercent": 0,
    "other": 0,
    "hasOther": false,
    "skipped": 0,
    "hasSkipped": false
  },
  "results": [
    {
      "uuid": "469e1120-06a5-426c-ace2-c93ff03aea2d",
      "title": "",
      "fullFile": "cypress\\integration\\test_planes.js",
      "file": "cypress\\integration\\test_planes.js",
      "beforeHooks": [],
      "afterHooks": [],
      "tests": [],
      "suites": [
        {
          "uuid": "90c33bef-de04-4a58-8930-41d912780439",
          "title": "Tests Suites",
          "fullFile": "",
          "file": "",
          "beforeHooks": [],
          "afterHooks": [],
          "tests": [
            {
              "title": "Flujo Planes",
              "fullTitle": "Tests Suites Flujo Planes",
              "timedOut": null,
              "duration": 16039,
              "state": "passed",
              "speed": "slow",
              "pass": true,
              "fail": false,
              "pending": false,
              "context": null,
              "code": "cy.visit('https://ww2.toctoc.com/gestioncorredor/');\ncy.title().should('eq', 'TOCTOC.com - Gestión corredor - Planes de publicación');\ncy.get('.gCdesktop > :nth-child(2) > a').click();\ncy.get('.acelera > .col-12 > .plan-btn > .btn').click({\n  force: true\n});\ncy.get('#nombreUser').type('Mariela Hurtado');\ncy.get('#telefonoUser').type('+56993947209');\ncy.get('#emailUser').type('hurtadomariela2@gmail.com');\ncy.get('#password').type('#password');\ncy.get('#nextStep').click();\ncy.get('#razonSocial').type('Prueba de Flujo QA');\ncy.get('#rutFacturacion').clear().type('267008469');\ncy.get('#nombreFantasia').type('Tuinmueble.com');\ncy.get('#giro').type('Giro 123');\ncy.get('#telefono').type('+56993947209');\ncy.get('#nextStep').click();\ncy.get('#representanteLegal').type('Mariela Hurtado');\ncy.get('#rutRepresentanteLegal').clear().type('267008469');\ncy.get('#emailFacturacion').type('mariela.hurtado@toctoc.com');\ncy.get('#direccionFacturacion').type('Manuel Rodriguez');\ncy.get('#region').select('13');\ncy.get('#comuna').select('339');\ncy.get('#aceptaTerminos').click();\ncy.get('.btn-danger').click();\ncy.wait(3000);\ncy.get('#verDetalle').click();\ncy.get('div.pago__Productos__Extra__detalle.contenedor-padre:nth-child(4) section.flujo__pago div.container.detallePago div.row.detalle__datos:nth-child(5) div.btn-next.col-12 a.btn.btn-danger.button.btn-block > span:nth-child(1)').click();\ncy.get('.modal-footer > .btn').click();",
              "err": {},
              "uuid": "d3d02690-0c06-411d-9970-3cc68821cf46",
              "parentUUID": "90c33bef-de04-4a58-8930-41d912780439",
              "isHook": false,
              "skipped": false
            }
          ],
          "suites": [],
          "passes": [
            "d3d02690-0c06-411d-9970-3cc68821cf46"
          ],
          "failures": [],
          "pending": [],
          "skipped": [],
          "duration": 16039,
          "root": false,
          "rootEmpty": false,
          "_timeout": 2000
        }
      ],
      "passes": [],
      "failures": [],
      "pending": [],
      "skipped": [],
      "duration": 0,
      "root": true,
      "rootEmpty": true,
      "_timeout": 2000
    }
  ],
  "meta": {
    "mocha": {
      "version": "7.0.1"
    },
    "mochawesome": {
      "options": {
        "quiet": false,
        "reportFilename": "report",
        "saveHtml": true,
        "saveJson": true,
        "consoleReporter": "spec",
        "useInlineDiffs": false,
        "code": true
      },
      "version": "6.2.1"
    },
    "marge": {
      "options": {
        "reportDir": "cypress/reports",
        "reportFilename": "report",
        "overwrite": true,
        "html": true,
        "json": true,
        "charts": true
      },
      "version": "5.1.0"
    }
  }
}