{
  "stats": {
    "suites": 1,
    "tests": 1,
    "passes": 1,
    "pending": 0,
    "failures": 0,
    "start": "2021-03-17T18:32:32.012Z",
    "end": "2021-03-17T18:33:29.790Z",
    "duration": 57778,
    "testsRegistered": 1,
    "passPercent": 100,
    "pendingPercent": 0,
    "other": 0,
    "hasOther": false,
    "skipped": 0,
    "hasSkipped": false
  },
  "results": [
    {
      "uuid": "13d202ac-4fe3-429f-bc18-b1a11349af1b",
      "title": "",
      "fullFile": "cypress\\integration\\test_planes.js",
      "file": "cypress\\integration\\test_planes.js",
      "beforeHooks": [],
      "afterHooks": [],
      "tests": [],
      "suites": [
        {
          "uuid": "3cc9203b-3054-4a4a-bc77-b37ff94e1c29",
          "title": "Tests Planes",
          "fullFile": "",
          "file": "",
          "beforeHooks": [],
          "afterHooks": [],
          "tests": [
            {
              "title": "Flujo Planes",
              "fullTitle": "Tests Planes Flujo Planes",
              "timedOut": null,
              "duration": 50102,
              "state": "passed",
              "speed": "slow",
              "pass": true,
              "fail": false,
              "pending": false,
              "context": null,
              "code": "cy.visit('https://ww2.toctoc.com/gestioncorredor/');\ncy.title().should('eq', 'TOCTOC.com - Gestión corredor - Planes de publicación');\ncy.get('.gCdesktop > :nth-child(2) > a').click();\ncy.get('.inicia > .col-12 > .plan-btn > .btn').click({\n  force: true\n});\ncy.get('#nombreUser').type(this.data.name);\ncy.get('#telefonoUser').type(this.data.phone);\ncy.get('#emailUser').type(this.data.email);\ncy.get('#password').type(this.data.password);\ncy.get('#nextStep').click();\ncy.get('#razonSocial').type(this.data.razonsocial);\ncy.get('#rutFacturacion').clear().type(this.data.rut);\ncy.get('#nombreFantasia').type(this.data.fantasia);\ncy.get('#giro').type(this.data.giro);\ncy.get('#telefono').type(this.data.phone);\ncy.get('#nextStep').click();\ncy.get('#representanteLegal').type(this.data.name);\ncy.get('#rutRepresentanteLegal').clear().type(this.data.rut);\ncy.get('#emailFacturacion').type(this.data.email_facturacion);\ncy.get('#direccionFacturacion').type(this.data.direccion);\ncy.get('#region').select('13');\ncy.get('#comuna').select('339');\ncy.get('#aceptaTerminos').click();\ncy.get('.btn-danger').click();\ncy.wait(3000);\ncy.get('#verDetalle').click();\ncy.get('div.pago__Productos__Extra__detalle.contenedor-padre:nth-child(4) section.flujo__pago div.container.detallePago div.row.detalle__datos:nth-child(5) div.btn-next.col-12 a.btn.btn-danger.button.btn-block > span:nth-child(1)').click();\ncy.get('.modal-footer > .btn').click();",
              "err": {},
              "uuid": "6c34134c-b7ea-479a-a866-0088ebe3b804",
              "parentUUID": "3cc9203b-3054-4a4a-bc77-b37ff94e1c29",
              "isHook": false,
              "skipped": false
            }
          ],
          "suites": [],
          "passes": [
            "6c34134c-b7ea-479a-a866-0088ebe3b804"
          ],
          "failures": [],
          "pending": [],
          "skipped": [],
          "duration": 50102,
          "root": false,
          "rootEmpty": false,
          "_timeout": 2000
        }
      ],
      "passes": [],
      "failures": [],
      "pending": [],
      "skipped": [],
      "duration": 0,
      "root": true,
      "rootEmpty": true,
      "_timeout": 2000
    }
  ],
  "meta": {
    "mocha": {
      "version": "7.0.1"
    },
    "mochawesome": {
      "options": {
        "quiet": false,
        "reportFilename": "report",
        "saveHtml": true,
        "saveJson": true,
        "consoleReporter": "spec",
        "useInlineDiffs": false,
        "code": true
      },
      "version": "6.2.1"
    },
    "marge": {
      "options": {
        "reportDir": "cypress/reports",
        "reportFilename": "report",
        "overwrite": false,
        "html": true,
        "json": true,
        "charts": true,
        "timestamp": "mmddyyyy_HHMMss"
      },
      "version": "5.1.0"
    }
  }
}